Starting script...
Message fetched (filtered): Happy Mother's Day! Te amo con todo mi corazón. 
Feliz Día de la Madre! I love you so much.
Setting up Chrome...
Chrome opened successfully.
Navigating to WhatsApp: 96170294142
Waiting for chat to load...
Chat pane loaded.
Waiting for chat input box...
Input box attributes: <div aria-activedescendant="" aria-autocomplete="list" aria-label="Type a message" aria-owns="emoji-suggestion" class="x1hx0egp x6ikm8r x1odjw0f x1k6rcq7 x6prxxf" contenteditable="true" role="textbox" spellcheck="true" tabindex="10" aria-placeholder="Type a message" data-tab="10" data-lexical-editor="true" style="max-height: 11.76em; min-height: 1.47em; user-select: text; white-space: pre-wrap; word-break: break-word;"><p class="selectable-text copyable-text x15bjb6t x1n2onr6"><br></p></div>
Message typed in chat.
Send button clicked.
Closing Chrome...
Starting script...
Message fetched (filtered): 1. You are my everything. Eres mi todo.
2. Gracias por tu amor incondicional. Thank you for your unconditional love.
3. Te quiero más que a nada en este mundo. I love you more than anything in this world.
4. Eres la mejor madre del mundo. You are the best mother in the world
Setting up Chrome...
Chrome opened successfully.
Navigating to WhatsApp: 96170294142
Waiting for chat to load...
Chat pane loaded.
Waiting for chat input box...
Input box attributes: <div aria-activedescendant="" aria-autocomplete="list" aria-label="Type a message" aria-owns="emoji-suggestion" class="x1hx0egp x6ikm8r x1odjw0f x1k6rcq7 x6prxxf" contenteditable="true" role="textbox" spellcheck="true" tabindex="10" aria-placeholder="Type a message" data-tab="10" data-lexical-editor="true" style="max-height: 11.76em; min-height: 1.47em; user-select: text; white-space: pre-wrap; word-break: break-word;"><p class="selectable-text copyable-text x15bjb6t x1n2onr6"><br></p></div>
Message typed in chat.
Send button clicked.
Closing Chrome...
Starting script...
Message fetched (filtered): Thank you for always being my rock. I love you, Mom.
Setting up Chrome...
Chrome opened successfully.
Navigating to WhatsApp: 96170294142
Waiting for chat to load...
Chat pane loaded.
Waiting for chat input box...
Input box attributes: <div aria-activedescendant="" aria-autocomplete="list" aria-label="Type a message" aria-owns="emoji-suggestion" class="x1hx0egp x6ikm8r x1odjw0f x1k6rcq7 x6prxxf" contenteditable="true" role="textbox" spellcheck="true" tabindex="10" aria-placeholder="Type a message" data-tab="10" data-lexical-editor="true" style="max-height: 11.76em; min-height: 1.47em; user-select: text; white-space: pre-wrap; word-break: break-word;"><p class="selectable-text copyable-text x15bjb6t x1n2onr6"><br></p></div>
Message typed in chat.
Send button clicked.
Closing Chrome...
